<?xml version="1.0" encoding="UTF-8"?>
<testsuite xmlns:xsi="http://www.w3.org/2001/XMLSchema-instance" xsi:noNamespaceSchemaLocation="https://maven.apache.org/surefire/maven-surefire-plugin/xsd/surefire-test-report.xsd" version="3.0.2" name="com.mandate.MandateProjectApplicationTests" time="2.627" tests="1" errors="0" skipped="0" failures="0">
  <properties>
[...]
</properties>
  <testcase name="contextLoads" classname="com.mandate.MandateProjectApplicationTests" time="0.664">
    <system-out><![CDATA[23:05:24.968 [main] INFO org.springframework.test.context.support.AnnotationConfigContextLoaderUtils -- Could not detect default configuration classes for test class [com.mandate.MandateProjectApplicationTests]: MandateProjectApplicationTests does not declare any static, non-private, non-final, nested classes annotated with @Configuration.
23:05:25.060 [main] INFO org.springframework.boot.test.context.SpringBootTestContextBootstrapper -- Found @SpringBootConfiguration com.mandate.MandateProjectApplication for test class com.mandate.MandateProjectApplicationTests
23:05:25.224 [main] INFO org.springframework.boot.devtools.restart.RestartApplicationListener -- Restart disabled due to context in which it is running

  .   ____          _            __ _ _
 /\\ / ___'_ __ _ _(_)_ __  __ _ \ \ \ \
( ( )\___ | '_ | '_| | '_ \/ _` | \ \ \ \
 \\/  ___)| |_)| | | | | || (_| |  ) ) ) )
  '  |____| .__|_| |_|_| |_\__, | / / / /
 =========|_|==============|___/=/_/_/_/

 :: Spring Boot ::                (v3.4.0)

2024-12-18T23:05:25.460+01:00  INFO 20428 --- [mandateProject] [           main] c.m.MandateProjectApplicationTests       : Starting MandateProjectApplicationTests using Java 17.0.13 with PID 20428 (started by Jacoob in C:\Users\Jacob\Desktop\STUDIA\Rok III\Zaawansowane Programowanie Obiektowe\project)
2024-12-18T23:05:25.461+01:00  INFO 20428 --- [mandateProject] [           main] c.m.MandateProjectApplicationTests       : No active profile set, falling back to 1 default profile: "default"
2024-12-18T23:05:26.780+01:00  INFO 20428 --- [mandateProject] [           main] c.m.MandateProjectApplicationTests       : Started MandateProjectApplicationTests in 1.567 seconds (process running for 2.384)
]]></system-out>
  </testcase>
</testsuite>